<?xml version="1.0" encoding="UTF-8"?>
<!-- Generated by org.testng.reporters.JUnitReportReporter -->
<testsuite hostname="DESKTOP-KF60RUM" failures="0" tests="1" name="com.actitime.testscript.DemoAssertion" time="7.119" errors="0" timestamp="2022-08-16T14:10:17 IST" skipped="0">
  <testcase classname="com.actitime.testscript.DemoAssertion" name="verifyTitle" time="7.119"/>
  <system-out>
    <![CDATA[title is not matching and fail]]>
  </system-out>
</testsuite> <!-- com.actitime.testscript.DemoAssertion -->
