<?xml version="1.0" encoding="UTF-8"?>
<!-- Generated by org.testng.reporters.JUnitReportReporter -->
<testsuite hostname="DESKTOP-KF60RUM" failures="0" tests="1" name="com.actitime.testscript.DemoTestNg" time="0.017" errors="0" timestamp="2022-08-16T13:21:40 IST" skipped="0">
  <testcase classname="com.actitime.testscript.DemoTestNg" name="demoTest" time="0.017"/>
  <system-out>
    <![CDATA[Welcome to testing]]>
  </system-out>
</testsuite> <!-- com.actitime.testscript.DemoTestNg -->
