<?xml version="1.0" encoding="UTF-8"?>
<!-- Generated by org.testng.reporters.JUnitReportReporter -->
<testsuite hostname="DESKTOP-KF60RUM" failures="0" tests="2" name="com.actitime.testscript.CustomerAnnotation" time="0.020" errors="0" timestamp="2022-08-16T14:37:35 IST" skipped="0">
  <testcase classname="com.actitime.testscript.CustomerAnnotation" name="deleteCustomer" time="0.004"/>
  <system-out>
    <![CDATA[delete customer]]>
  </system-out>
  <testcase classname="com.actitime.testscript.CustomerAnnotation" name="createCustomer" time="0.016"/>
  <system-out>
    <![CDATA[create customer]]>
  </system-out>
</testsuite> <!-- com.actitime.testscript.CustomerAnnotation -->
