<?xml version="1.0" encoding="UTF-8"?>
<!-- Generated by org.testng.reporters.JUnitReportReporter -->
<testsuite hostname="DESKTOP-KF60RUM" failures="0" tests="1" name="com.actitime.testscript.ScreenShot" time="6.442" errors="0" timestamp="2022-08-18T22:43:21 IST" skipped="0">
  <testcase classname="com.actitime.testscript.ScreenShot" name="testScreenShot" time="6.442"/>
  <system-out/>
</testsuite> <!-- com.actitime.testscript.ScreenShot -->
