<?xml version="1.0" encoding="UTF-8"?>
<!-- Generated by org.testng.reporters.JUnitReportReporter -->
<testsuite hostname="DESKTOP-KF60RUM" failures="0" tests="1" name="com.actitime.testscript.TaskModule" time="23.858" errors="0" timestamp="2022-08-18T23:15:45 IST" skipped="0">
  <testcase classname="com.actitime.testscript.TaskModule" name="createTask" time="23.858"/>
  <system-out>
    <![CDATA[create Task]]>
  </system-out>
</testsuite> <!-- com.actitime.testscript.TaskModule -->
