<?xml version="1.0" encoding="UTF-8"?>
<!-- Generated by org.testng.reporters.JUnitReportReporter -->
<testsuite hostname="DESKTOP-KF60RUM" failures="0" tests="4" name="com.actitime.testscript.CustomerAnnotation1" time="0.025" errors="0" timestamp="2022-08-16T14:56:35 IST" skipped="0">
  <testcase classname="com.actitime.testscript.CustomerAnnotation1" name="registerCustomer" time="0.004"/>
  <system-out>
    <![CDATA[register customer]]>
  </system-out>
  <testcase classname="com.actitime.testscript.CustomerAnnotation1" name="deleteCustomer" time="0.013"/>
  <system-out>
    <![CDATA[delete customer customer]]>
  </system-out>
  <testcase classname="com.actitime.testscript.CustomerAnnotation1" name="editCustomer" time="0.004"/>
  <system-out>
    <![CDATA[edit customer]]>
  </system-out>
  <testcase classname="com.actitime.testscript.CustomerAnnotation1" name="editCustomer" time="0.004"/>
  <system-out>
    <![CDATA[edit customer]]>
  </system-out>
</testsuite> <!-- com.actitime.testscript.CustomerAnnotation1 -->
