<?xml version="1.0" encoding="UTF-8"?>
<!-- Generated by org.testng.reporters.JUnitReportReporter -->
<testsuite hostname="DESKTOP-KF60RUM" failures="0" tests="1" name="com.crm.demo.RunParameter" time="18.280" errors="0" timestamp="2022-10-11T22:34:39 IST" skipped="0">
  <testcase classname="com.crm.demo.RunParameter" name="method" time="18.280"/>
  <system-out/>
</testsuite> <!-- com.crm.demo.RunParameter -->
